<?xml version="1.0" encoding="UTF-8"?>
<testsuite xmlns:xsi="http://www.w3.org/2001/XMLSchema-instance" xsi:noNamespaceSchemaLocation="https://maven.apache.org/surefire/maven-surefire-plugin/xsd/surefire-test-report.xsd" name="es.ies.carrillo.ramirez_medina_rafael.bolentin_tema7.LoginTest" time="0.204" tests="3" errors="0" skipped="0" failures="3">
  <properties>
[...]
</properties>
  <testcase name="es.ies.carrillo.ramirez_medina_rafael.bolentin_tema7.LoginTest.testLoginCorrecto" classname="es.ies.carrillo.ramirez_medina_rafael.bolentin_tema7.LoginTest" time="0.201">
    <failure message="Cannot invoke &quot;java.net.URL.toExternalForm()&quot; because &quot;location&quot; is null" type="java.lang.NullPointerException"><![CDATA[java.lang.NullPointerException: Cannot invoke "java.net.URL.toExternalForm()" because "location" is null
	at java.desktop/javax.swing.ImageIcon.<init>(ImageIcon.java:232)
	at es.ies.carrillo.ramirez_medina_rafael.bolentin_tema7.vista.CredentialsList.<init>(CredentialsList.java:416)
	at es.ies.carrillo.ramirez_medina_rafael.bolentin_tema7.controlador.ControladorLogin.comprobarLogin(ControladorLogin.java:34)
	at es.ies.carrillo.ramirez_medina_rafael.bolentin_tema7.LoginTest.testLoginCorrecto(LoginTest.java:16)
]]></failure>
  </testcase>
  <testcase name="es.ies.carrillo.ramirez_medina_rafael.bolentin_tema7.LoginTest.testCamposVacios" classname="es.ies.carrillo.ramirez_medina_rafael.bolentin_tema7.LoginTest" time="0.002">
    <failure message="Cannot invoke &quot;java.net.URL.toExternalForm()&quot; because &quot;location&quot; is null" type="java.lang.NullPointerException"><![CDATA[java.lang.NullPointerException: Cannot invoke "java.net.URL.toExternalForm()" because "location" is null
	at java.desktop/javax.swing.ImageIcon.<init>(ImageIcon.java:232)
	at es.ies.carrillo.ramirez_medina_rafael.bolentin_tema7.vista.DialogInformation.<init>(DialogInformation.java:59)
	at es.ies.carrillo.ramirez_medina_rafael.bolentin_tema7.controlador.ControladorLogin.comprobarLogin(ControladorLogin.java:29)
	at es.ies.carrillo.ramirez_medina_rafael.bolentin_tema7.LoginTest.testCamposVacios(LoginTest.java:30)
]]></failure>
  </testcase>
  <testcase name="es.ies.carrillo.ramirez_medina_rafael.bolentin_tema7.LoginTest.testLoginIncorrecto" classname="es.ies.carrillo.ramirez_medina_rafael.bolentin_tema7.LoginTest" time="0">
    <failure message="Cannot invoke &quot;java.net.URL.toExternalForm()&quot; because &quot;location&quot; is null" type="java.lang.NullPointerException"><![CDATA[java.lang.NullPointerException: Cannot invoke "java.net.URL.toExternalForm()" because "location" is null
	at java.desktop/javax.swing.ImageIcon.<init>(ImageIcon.java:232)
	at es.ies.carrillo.ramirez_medina_rafael.bolentin_tema7.vista.DialogInformation.<init>(DialogInformation.java:59)
	at es.ies.carrillo.ramirez_medina_rafael.bolentin_tema7.controlador.ControladorLogin.comprobarLogin(ControladorLogin.java:40)
	at es.ies.carrillo.ramirez_medina_rafael.bolentin_tema7.LoginTest.testLoginIncorrecto(LoginTest.java:23)
]]></failure>
  </testcase>
</testsuite>